2013/08/30 18:10:15 [error] [php] date(): It is not safe to rely on the system's timezone settings. You are *required* to use the date.timezone setting or the date_default_timezone_set() function. In case you used any of those methods and you are still getting this warning, you most likely misspelled the timezone identifier. We selected 'America/New_York' for 'EDT/-4.0/DST' instead (/Applications/XAMPP/xamppfiles/htdocs/taskman/protected/views/layouts/main.php:51)
Stack trace:
#0 /Applications/XAMPP/framework/web/CBaseController.php(95): SiteController->renderInternal()
#1 /Applications/XAMPP/framework/web/widgets/CContentDecorator.php(76): SiteController->renderFile()
#2 /Applications/XAMPP/framework/web/widgets/CContentDecorator.php(54): CContentDecorator->decorate()
#3 /Applications/XAMPP/framework/web/widgets/COutputProcessor.php(44): CContentDecorator->processOutput()
#4 /Applications/XAMPP/framework/web/CBaseController.php(206): CContentDecorator->run()
#5 /Applications/XAMPP/framework/web/CBaseController.php(300): SiteController->endWidget()
#6 /Applications/XAMPP/xamppfiles/htdocs/taskman/protected/views/layouts/column1.php(6): SiteController->endContent()
#7 /Applications/XAMPP/framework/web/CBaseController.php(126): require()
#8 /Applications/XAMPP/framework/web/CBaseController.php(95): SiteController->renderInternal()
#9 /Applications/XAMPP/framework/web/CController.php(784): SiteController->renderFile()
#10 /Applications/XAMPP/xamppfiles/htdocs/taskman/protected/controllers/SiteController.php(32): SiteController->render()
#11 /Applications/XAMPP/framework/web/actions/CInlineAction.php(49): SiteController->actionIndex()
#12 /Applications/XAMPP/framework/web/CController.php(308): CInlineAction->runWithParams()
#13 /Applications/XAMPP/framework/web/CController.php(286): SiteController->runAction()
#14 /Applications/XAMPP/framework/web/CController.php(265): SiteController->runActionWithFilters()
#15 /Applications/XAMPP/framework/web/CWebApplication.php(282): SiteController->run()
#16 /Applications/XAMPP/framework/web/CWebApplication.php(141): CWebApplication->runController()
#17 /Applications/XAMPP/framework/base/CApplication.php(180): CWebApplication->processRequest()
#18 /Applications/XAMPP/xamppfiles/htdocs/taskman/index.php(13): CWebApplication->run()
#19 /Applications/XAMPP/framework/cli/commands/ShellCommand.php(78): require()
#20 /Applications/XAMPP/framework/console/CConsoleCommandRunner.php(71): ShellCommand->run()
#21 /Applications/XAMPP/framework/console/CConsoleApplication.php(92): CConsoleCommandRunner->run()
#22 /Applications/XAMPP/framework/base/CApplication.php(180): CConsoleApplication->processRequest()
#23 /Applications/XAMPP/framework/yiic.php(33): CConsoleApplication->run()
#24 /Applications/XAMPP/xamppfiles/htdocs/taskman/protected/yiic.php(7): require_once()
#25 /Applications/XAMPP/xamppfiles/htdocs/taskman/protected/yiic(4): require_once()
REQUEST_URI=/index.php
2013/08/30 18:10:15 [error] [php] date(): It is not safe to rely on the system's timezone settings. You are *required* to use the date.timezone setting or the date_default_timezone_set() function. In case you used any of those methods and you are still getting this warning, you most likely misspelled the timezone identifier. We selected 'America/New_York' for 'EDT/-4.0/DST' instead (/Applications/XAMPP/xamppfiles/htdocs/taskman/protected/views/layouts/main.php:51)
Stack trace:
#0 /Applications/XAMPP/framework/web/CBaseController.php(95): SiteController->renderInternal()
#1 /Applications/XAMPP/framework/web/widgets/CContentDecorator.php(76): SiteController->renderFile()
#2 /Applications/XAMPP/framework/web/widgets/CContentDecorator.php(54): CContentDecorator->decorate()
#3 /Applications/XAMPP/framework/web/widgets/COutputProcessor.php(44): CContentDecorator->processOutput()
#4 /Applications/XAMPP/framework/web/CBaseController.php(206): CContentDecorator->run()
#5 /Applications/XAMPP/framework/web/CBaseController.php(300): SiteController->endWidget()
#6 /Applications/XAMPP/xamppfiles/htdocs/taskman/protected/views/layouts/column1.php(6): SiteController->endContent()
#7 /Applications/XAMPP/framework/web/CBaseController.php(126): require()
#8 /Applications/XAMPP/framework/web/CBaseController.php(95): SiteController->renderInternal()
#9 /Applications/XAMPP/framework/web/CController.php(784): SiteController->renderFile()
#10 /Applications/XAMPP/xamppfiles/htdocs/taskman/protected/controllers/SiteController.php(32): SiteController->render()
#11 /Applications/XAMPP/framework/web/actions/CInlineAction.php(49): SiteController->actionIndex()
#12 /Applications/XAMPP/framework/web/CController.php(308): CInlineAction->runWithParams()
#13 /Applications/XAMPP/framework/web/CController.php(286): SiteController->runAction()
#14 /Applications/XAMPP/framework/web/CController.php(265): SiteController->runActionWithFilters()
#15 /Applications/XAMPP/framework/web/CWebApplication.php(282): SiteController->run()
#16 /Applications/XAMPP/framework/web/CWebApplication.php(141): CWebApplication->runController()
#17 /Applications/XAMPP/framework/base/CApplication.php(180): CWebApplication->processRequest()
#18 /Applications/XAMPP/xamppfiles/htdocs/taskman/index.php(13): CWebApplication->run()
#19 /Applications/XAMPP/framework/cli/commands/ShellCommand.php(78): require()
#20 /Applications/XAMPP/framework/console/CConsoleCommandRunner.php(71): ShellCommand->run()
#21 /Applications/XAMPP/framework/console/CConsoleApplication.php(92): CConsoleCommandRunner->run()
#22 /Applications/XAMPP/framework/base/CApplication.php(180): CConsoleApplication->processRequest()
#23 /Applications/XAMPP/framework/yiic.php(33): CConsoleApplication->run()
#24 /Applications/XAMPP/xamppfiles/htdocs/taskman/protected/yiic.php(7): require_once()
#25 /Applications/XAMPP/xamppfiles/htdocs/taskman/protected/yiic(4): require_once()
REQUEST_URI=/index.php
2013/08/30 18:11:25 [error] [php] date(): It is not safe to rely on the system's timezone settings. You are *required* to use the date.timezone setting or the date_default_timezone_set() function. In case you used any of those methods and you are still getting this warning, you most likely misspelled the timezone identifier. We selected 'America/New_York' for 'EDT/-4.0/DST' instead (/Applications/XAMPP/xamppfiles/htdocs/taskman/protected/views/layouts/main.php:51)
Stack trace:
#0 /Applications/XAMPP/framework/web/CBaseController.php(95): SiteController->renderInternal()
#1 /Applications/XAMPP/framework/web/widgets/CContentDecorator.php(76): SiteController->renderFile()
#2 /Applications/XAMPP/framework/web/widgets/CContentDecorator.php(54): CContentDecorator->decorate()
#3 /Applications/XAMPP/framework/web/widgets/COutputProcessor.php(44): CContentDecorator->processOutput()
#4 /Applications/XAMPP/framework/web/CBaseController.php(206): CContentDecorator->run()
#5 /Applications/XAMPP/framework/web/CBaseController.php(300): SiteController->endWidget()
#6 /Applications/XAMPP/xamppfiles/htdocs/taskman/protected/views/layouts/column1.php(6): SiteController->endContent()
#7 /Applications/XAMPP/framework/web/CBaseController.php(126): require()
#8 /Applications/XAMPP/framework/web/CBaseController.php(95): SiteController->renderInternal()
#9 /Applications/XAMPP/framework/web/CController.php(784): SiteController->renderFile()
#10 /Applications/XAMPP/xamppfiles/htdocs/taskman/protected/controllers/SiteController.php(32): SiteController->render()
#11 /Applications/XAMPP/framework/web/actions/CInlineAction.php(49): SiteController->actionIndex()
#12 /Applications/XAMPP/framework/web/CController.php(308): CInlineAction->runWithParams()
#13 /Applications/XAMPP/framework/web/CController.php(286): SiteController->runAction()
#14 /Applications/XAMPP/framework/web/CController.php(265): SiteController->runActionWithFilters()
#15 /Applications/XAMPP/framework/web/CWebApplication.php(282): SiteController->run()
#16 /Applications/XAMPP/framework/web/CWebApplication.php(141): CWebApplication->runController()
#17 /Applications/XAMPP/framework/base/CApplication.php(180): CWebApplication->processRequest()
#18 /Applications/XAMPP/xamppfiles/htdocs/taskman/index.php(13): CWebApplication->run()
#19 /Applications/XAMPP/framework/cli/commands/ShellCommand.php(78): require()
#20 /Applications/XAMPP/framework/console/CConsoleCommandRunner.php(71): ShellCommand->run()
#21 /Applications/XAMPP/framework/console/CConsoleApplication.php(92): CConsoleCommandRunner->run()
#22 /Applications/XAMPP/framework/base/CApplication.php(180): CConsoleApplication->processRequest()
#23 /Applications/XAMPP/framework/yiic.php(33): CConsoleApplication->run()
#24 /Applications/XAMPP/xamppfiles/htdocs/taskman/protected/yiic.php(7): require_once()
#25 /Applications/XAMPP/xamppfiles/htdocs/taskman/protected/yiic(4): require_once()
REQUEST_URI=/index.php
2013/08/30 18:11:25 [error] [php] date(): It is not safe to rely on the system's timezone settings. You are *required* to use the date.timezone setting or the date_default_timezone_set() function. In case you used any of those methods and you are still getting this warning, you most likely misspelled the timezone identifier. We selected 'America/New_York' for 'EDT/-4.0/DST' instead (/Applications/XAMPP/xamppfiles/htdocs/taskman/protected/views/layouts/main.php:51)
Stack trace:
#0 /Applications/XAMPP/framework/web/CBaseController.php(95): SiteController->renderInternal()
#1 /Applications/XAMPP/framework/web/widgets/CContentDecorator.php(76): SiteController->renderFile()
#2 /Applications/XAMPP/framework/web/widgets/CContentDecorator.php(54): CContentDecorator->decorate()
#3 /Applications/XAMPP/framework/web/widgets/COutputProcessor.php(44): CContentDecorator->processOutput()
#4 /Applications/XAMPP/framework/web/CBaseController.php(206): CContentDecorator->run()
#5 /Applications/XAMPP/framework/web/CBaseController.php(300): SiteController->endWidget()
#6 /Applications/XAMPP/xamppfiles/htdocs/taskman/protected/views/layouts/column1.php(6): SiteController->endContent()
#7 /Applications/XAMPP/framework/web/CBaseController.php(126): require()
#8 /Applications/XAMPP/framework/web/CBaseController.php(95): SiteController->renderInternal()
#9 /Applications/XAMPP/framework/web/CController.php(784): SiteController->renderFile()
#10 /Applications/XAMPP/xamppfiles/htdocs/taskman/protected/controllers/SiteController.php(32): SiteController->render()
#11 /Applications/XAMPP/framework/web/actions/CInlineAction.php(49): SiteController->actionIndex()
#12 /Applications/XAMPP/framework/web/CController.php(308): CInlineAction->runWithParams()
#13 /Applications/XAMPP/framework/web/CController.php(286): SiteController->runAction()
#14 /Applications/XAMPP/framework/web/CController.php(265): SiteController->runActionWithFilters()
#15 /Applications/XAMPP/framework/web/CWebApplication.php(282): SiteController->run()
#16 /Applications/XAMPP/framework/web/CWebApplication.php(141): CWebApplication->runController()
#17 /Applications/XAMPP/framework/base/CApplication.php(180): CWebApplication->processRequest()
#18 /Applications/XAMPP/xamppfiles/htdocs/taskman/index.php(13): CWebApplication->run()
#19 /Applications/XAMPP/framework/cli/commands/ShellCommand.php(78): require()
#20 /Applications/XAMPP/framework/console/CConsoleCommandRunner.php(71): ShellCommand->run()
#21 /Applications/XAMPP/framework/console/CConsoleApplication.php(92): CConsoleCommandRunner->run()
#22 /Applications/XAMPP/framework/base/CApplication.php(180): CConsoleApplication->processRequest()
#23 /Applications/XAMPP/framework/yiic.php(33): CConsoleApplication->run()
#24 /Applications/XAMPP/xamppfiles/htdocs/taskman/protected/yiic.php(7): require_once()
#25 /Applications/XAMPP/xamppfiles/htdocs/taskman/protected/yiic(4): require_once()
REQUEST_URI=/index.php
2013/08/30 18:15:53 [error] [php] date(): It is not safe to rely on the system's timezone settings. You are *required* to use the date.timezone setting or the date_default_timezone_set() function. In case you used any of those methods and you are still getting this warning, you most likely misspelled the timezone identifier. We selected 'America/New_York' for 'EDT/-4.0/DST' instead (/Applications/XAMPP/xamppfiles/htdocs/taskman/protected/views/layouts/main.php:51)
Stack trace:
#0 /Applications/XAMPP/framework/web/CBaseController.php(95): SiteController->renderInternal()
#1 /Applications/XAMPP/framework/web/widgets/CContentDecorator.php(76): SiteController->renderFile()
#2 /Applications/XAMPP/framework/web/widgets/CContentDecorator.php(54): CContentDecorator->decorate()
#3 /Applications/XAMPP/framework/web/widgets/COutputProcessor.php(44): CContentDecorator->processOutput()
#4 /Applications/XAMPP/framework/web/CBaseController.php(206): CContentDecorator->run()
#5 /Applications/XAMPP/framework/web/CBaseController.php(300): SiteController->endWidget()
#6 /Applications/XAMPP/xamppfiles/htdocs/taskman/protected/views/layouts/column1.php(6): SiteController->endContent()
#7 /Applications/XAMPP/framework/web/CBaseController.php(126): require()
#8 /Applications/XAMPP/framework/web/CBaseController.php(95): SiteController->renderInternal()
#9 /Applications/XAMPP/framework/web/CController.php(784): SiteController->renderFile()
#10 /Applications/XAMPP/xamppfiles/htdocs/taskman/protected/controllers/SiteController.php(32): SiteController->render()
#11 /Applications/XAMPP/framework/web/actions/CInlineAction.php(49): SiteController->actionIndex()
#12 /Applications/XAMPP/framework/web/CController.php(308): CInlineAction->runWithParams()
#13 /Applications/XAMPP/framework/web/CController.php(286): SiteController->runAction()
#14 /Applications/XAMPP/framework/web/CController.php(265): SiteController->runActionWithFilters()
#15 /Applications/XAMPP/framework/web/CWebApplication.php(282): SiteController->run()
#16 /Applications/XAMPP/framework/web/CWebApplication.php(141): CWebApplication->runController()
#17 /Applications/XAMPP/framework/base/CApplication.php(180): CWebApplication->processRequest()
#18 /Applications/XAMPP/xamppfiles/htdocs/taskman/index.php(13): CWebApplication->run()
#19 /Applications/XAMPP/framework/cli/commands/ShellCommand.php(78): require()
#20 /Applications/XAMPP/framework/console/CConsoleCommandRunner.php(71): ShellCommand->run()
#21 /Applications/XAMPP/framework/console/CConsoleApplication.php(92): CConsoleCommandRunner->run()
#22 /Applications/XAMPP/framework/base/CApplication.php(180): CConsoleApplication->processRequest()
#23 /Applications/XAMPP/framework/yiic.php(33): CConsoleApplication->run()
#24 /Applications/XAMPP/xamppfiles/htdocs/taskman/protected/yiic.php(7): require_once()
#25 /Applications/XAMPP/xamppfiles/htdocs/taskman/protected/yiic(4): require_once()
REQUEST_URI=/index.php
2013/08/30 18:15:53 [error] [php] date(): It is not safe to rely on the system's timezone settings. You are *required* to use the date.timezone setting or the date_default_timezone_set() function. In case you used any of those methods and you are still getting this warning, you most likely misspelled the timezone identifier. We selected 'America/New_York' for 'EDT/-4.0/DST' instead (/Applications/XAMPP/xamppfiles/htdocs/taskman/protected/views/layouts/main.php:51)
Stack trace:
#0 /Applications/XAMPP/framework/web/CBaseController.php(95): SiteController->renderInternal()
#1 /Applications/XAMPP/framework/web/widgets/CContentDecorator.php(76): SiteController->renderFile()
#2 /Applications/XAMPP/framework/web/widgets/CContentDecorator.php(54): CContentDecorator->decorate()
#3 /Applications/XAMPP/framework/web/widgets/COutputProcessor.php(44): CContentDecorator->processOutput()
#4 /Applications/XAMPP/framework/web/CBaseController.php(206): CContentDecorator->run()
#5 /Applications/XAMPP/framework/web/CBaseController.php(300): SiteController->endWidget()
#6 /Applications/XAMPP/xamppfiles/htdocs/taskman/protected/views/layouts/column1.php(6): SiteController->endContent()
#7 /Applications/XAMPP/framework/web/CBaseController.php(126): require()
#8 /Applications/XAMPP/framework/web/CBaseController.php(95): SiteController->renderInternal()
#9 /Applications/XAMPP/framework/web/CController.php(784): SiteController->renderFile()
#10 /Applications/XAMPP/xamppfiles/htdocs/taskman/protected/controllers/SiteController.php(32): SiteController->render()
#11 /Applications/XAMPP/framework/web/actions/CInlineAction.php(49): SiteController->actionIndex()
#12 /Applications/XAMPP/framework/web/CController.php(308): CInlineAction->runWithParams()
#13 /Applications/XAMPP/framework/web/CController.php(286): SiteController->runAction()
#14 /Applications/XAMPP/framework/web/CController.php(265): SiteController->runActionWithFilters()
#15 /Applications/XAMPP/framework/web/CWebApplication.php(282): SiteController->run()
#16 /Applications/XAMPP/framework/web/CWebApplication.php(141): CWebApplication->runController()
#17 /Applications/XAMPP/framework/base/CApplication.php(180): CWebApplication->processRequest()
#18 /Applications/XAMPP/xamppfiles/htdocs/taskman/index.php(13): CWebApplication->run()
#19 /Applications/XAMPP/framework/cli/commands/ShellCommand.php(78): require()
#20 /Applications/XAMPP/framework/console/CConsoleCommandRunner.php(71): ShellCommand->run()
#21 /Applications/XAMPP/framework/console/CConsoleApplication.php(92): CConsoleCommandRunner->run()
#22 /Applications/XAMPP/framework/base/CApplication.php(180): CConsoleApplication->processRequest()
#23 /Applications/XAMPP/framework/yiic.php(33): CConsoleApplication->run()
#24 /Applications/XAMPP/xamppfiles/htdocs/taskman/protected/yiic.php(7): require_once()
#25 /Applications/XAMPP/xamppfiles/htdocs/taskman/protected/yiic(4): require_once()
REQUEST_URI=/index.php
2013/08/30 18:16:18 [error] [php] date(): It is not safe to rely on the system's timezone settings. You are *required* to use the date.timezone setting or the date_default_timezone_set() function. In case you used any of those methods and you are still getting this warning, you most likely misspelled the timezone identifier. We selected 'America/New_York' for 'EDT/-4.0/DST' instead (/Applications/XAMPP/xamppfiles/htdocs/taskman/protected/views/layouts/main.php:51)
Stack trace:
#0 /Applications/XAMPP/framework/web/CBaseController.php(95): SiteController->renderInternal()
#1 /Applications/XAMPP/framework/web/widgets/CContentDecorator.php(76): SiteController->renderFile()
#2 /Applications/XAMPP/framework/web/widgets/CContentDecorator.php(54): CContentDecorator->decorate()
#3 /Applications/XAMPP/framework/web/widgets/COutputProcessor.php(44): CContentDecorator->processOutput()
#4 /Applications/XAMPP/framework/web/CBaseController.php(206): CContentDecorator->run()
#5 /Applications/XAMPP/framework/web/CBaseController.php(300): SiteController->endWidget()
#6 /Applications/XAMPP/xamppfiles/htdocs/taskman/protected/views/layouts/column1.php(6): SiteController->endContent()
#7 /Applications/XAMPP/framework/web/CBaseController.php(126): require()
#8 /Applications/XAMPP/framework/web/CBaseController.php(95): SiteController->renderInternal()
#9 /Applications/XAMPP/framework/web/CController.php(784): SiteController->renderFile()
#10 /Applications/XAMPP/xamppfiles/htdocs/taskman/protected/controllers/SiteController.php(32): SiteController->render()
#11 /Applications/XAMPP/framework/web/actions/CInlineAction.php(49): SiteController->actionIndex()
#12 /Applications/XAMPP/framework/web/CController.php(308): CInlineAction->runWithParams()
#13 /Applications/XAMPP/framework/web/CController.php(286): SiteController->runAction()
#14 /Applications/XAMPP/framework/web/CController.php(265): SiteController->runActionWithFilters()
#15 /Applications/XAMPP/framework/web/CWebApplication.php(282): SiteController->run()
#16 /Applications/XAMPP/framework/web/CWebApplication.php(141): CWebApplication->runController()
#17 /Applications/XAMPP/framework/base/CApplication.php(180): CWebApplication->processRequest()
#18 /Applications/XAMPP/xamppfiles/htdocs/taskman/index.php(13): CWebApplication->run()
#19 /Applications/XAMPP/framework/cli/commands/ShellCommand.php(78): require()
#20 /Applications/XAMPP/framework/console/CConsoleCommandRunner.php(71): ShellCommand->run()
#21 /Applications/XAMPP/framework/console/CConsoleApplication.php(92): CConsoleCommandRunner->run()
#22 /Applications/XAMPP/framework/base/CApplication.php(180): CConsoleApplication->processRequest()
#23 /Applications/XAMPP/framework/yiic.php(33): CConsoleApplication->run()
#24 /Applications/XAMPP/xamppfiles/htdocs/taskman/protected/yiic.php(7): require_once()
#25 /Applications/XAMPP/xamppfiles/htdocs/taskman/protected/yiic(4): require_once()
REQUEST_URI=/index.php
2013/08/30 18:16:18 [error] [php] date(): It is not safe to rely on the system's timezone settings. You are *required* to use the date.timezone setting or the date_default_timezone_set() function. In case you used any of those methods and you are still getting this warning, you most likely misspelled the timezone identifier. We selected 'America/New_York' for 'EDT/-4.0/DST' instead (/Applications/XAMPP/xamppfiles/htdocs/taskman/protected/views/layouts/main.php:51)
Stack trace:
#0 /Applications/XAMPP/framework/web/CBaseController.php(95): SiteController->renderInternal()
#1 /Applications/XAMPP/framework/web/widgets/CContentDecorator.php(76): SiteController->renderFile()
#2 /Applications/XAMPP/framework/web/widgets/CContentDecorator.php(54): CContentDecorator->decorate()
#3 /Applications/XAMPP/framework/web/widgets/COutputProcessor.php(44): CContentDecorator->processOutput()
#4 /Applications/XAMPP/framework/web/CBaseController.php(206): CContentDecorator->run()
#5 /Applications/XAMPP/framework/web/CBaseController.php(300): SiteController->endWidget()
#6 /Applications/XAMPP/xamppfiles/htdocs/taskman/protected/views/layouts/column1.php(6): SiteController->endContent()
#7 /Applications/XAMPP/framework/web/CBaseController.php(126): require()
#8 /Applications/XAMPP/framework/web/CBaseController.php(95): SiteController->renderInternal()
#9 /Applications/XAMPP/framework/web/CController.php(784): SiteController->renderFile()
#10 /Applications/XAMPP/xamppfiles/htdocs/taskman/protected/controllers/SiteController.php(32): SiteController->render()
#11 /Applications/XAMPP/framework/web/actions/CInlineAction.php(49): SiteController->actionIndex()
#12 /Applications/XAMPP/framework/web/CController.php(308): CInlineAction->runWithParams()
#13 /Applications/XAMPP/framework/web/CController.php(286): SiteController->runAction()
#14 /Applications/XAMPP/framework/web/CController.php(265): SiteController->runActionWithFilters()
#15 /Applications/XAMPP/framework/web/CWebApplication.php(282): SiteController->run()
#16 /Applications/XAMPP/framework/web/CWebApplication.php(141): CWebApplication->runController()
#17 /Applications/XAMPP/framework/base/CApplication.php(180): CWebApplication->processRequest()
#18 /Applications/XAMPP/xamppfiles/htdocs/taskman/index.php(13): CWebApplication->run()
#19 /Applications/XAMPP/framework/cli/commands/ShellCommand.php(78): require()
#20 /Applications/XAMPP/framework/console/CConsoleCommandRunner.php(71): ShellCommand->run()
#21 /Applications/XAMPP/framework/console/CConsoleApplication.php(92): CConsoleCommandRunner->run()
#22 /Applications/XAMPP/framework/base/CApplication.php(180): CConsoleApplication->processRequest()
#23 /Applications/XAMPP/framework/yiic.php(33): CConsoleApplication->run()
#24 /Applications/XAMPP/xamppfiles/htdocs/taskman/protected/yiic.php(7): require_once()
#25 /Applications/XAMPP/xamppfiles/htdocs/taskman/protected/yiic(4): require_once()
REQUEST_URI=/index.php
2013/08/30 18:16:46 [error] [php] date(): It is not safe to rely on the system's timezone settings. You are *required* to use the date.timezone setting or the date_default_timezone_set() function. In case you used any of those methods and you are still getting this warning, you most likely misspelled the timezone identifier. We selected 'America/New_York' for 'EDT/-4.0/DST' instead (/Applications/XAMPP/xamppfiles/htdocs/taskman/protected/views/layouts/main.php:51)
Stack trace:
#0 /Applications/XAMPP/framework/web/CBaseController.php(95): SiteController->renderInternal()
#1 /Applications/XAMPP/framework/web/widgets/CContentDecorator.php(76): SiteController->renderFile()
#2 /Applications/XAMPP/framework/web/widgets/CContentDecorator.php(54): CContentDecorator->decorate()
#3 /Applications/XAMPP/framework/web/widgets/COutputProcessor.php(44): CContentDecorator->processOutput()
#4 /Applications/XAMPP/framework/web/CBaseController.php(206): CContentDecorator->run()
#5 /Applications/XAMPP/framework/web/CBaseController.php(300): SiteController->endWidget()
#6 /Applications/XAMPP/xamppfiles/htdocs/taskman/protected/views/layouts/column1.php(6): SiteController->endContent()
#7 /Applications/XAMPP/framework/web/CBaseController.php(126): require()
#8 /Applications/XAMPP/framework/web/CBaseController.php(95): SiteController->renderInternal()
#9 /Applications/XAMPP/framework/web/CController.php(784): SiteController->renderFile()
#10 /Applications/XAMPP/xamppfiles/htdocs/taskman/protected/controllers/SiteController.php(32): SiteController->render()
#11 /Applications/XAMPP/framework/web/actions/CInlineAction.php(49): SiteController->actionIndex()
#12 /Applications/XAMPP/framework/web/CController.php(308): CInlineAction->runWithParams()
#13 /Applications/XAMPP/framework/web/CController.php(286): SiteController->runAction()
#14 /Applications/XAMPP/framework/web/CController.php(265): SiteController->runActionWithFilters()
#15 /Applications/XAMPP/framework/web/CWebApplication.php(282): SiteController->run()
#16 /Applications/XAMPP/framework/web/CWebApplication.php(141): CWebApplication->runController()
#17 /Applications/XAMPP/framework/base/CApplication.php(180): CWebApplication->processRequest()
#18 /Applications/XAMPP/xamppfiles/htdocs/taskman/index.php(13): CWebApplication->run()
#19 /Applications/XAMPP/framework/cli/commands/ShellCommand.php(78): require()
#20 /Applications/XAMPP/framework/console/CConsoleCommandRunner.php(71): ShellCommand->run()
#21 /Applications/XAMPP/framework/console/CConsoleApplication.php(92): CConsoleCommandRunner->run()
#22 /Applications/XAMPP/framework/base/CApplication.php(180): CConsoleApplication->processRequest()
#23 /Applications/XAMPP/framework/yiic.php(33): CConsoleApplication->run()
#24 /Applications/XAMPP/xamppfiles/htdocs/taskman/protected/yiic.php(7): require_once()
#25 /Applications/XAMPP/xamppfiles/htdocs/taskman/protected/yiic(4): require_once()
REQUEST_URI=/index.php
2013/08/30 18:16:46 [error] [php] date(): It is not safe to rely on the system's timezone settings. You are *required* to use the date.timezone setting or the date_default_timezone_set() function. In case you used any of those methods and you are still getting this warning, you most likely misspelled the timezone identifier. We selected 'America/New_York' for 'EDT/-4.0/DST' instead (/Applications/XAMPP/xamppfiles/htdocs/taskman/protected/views/layouts/main.php:51)
Stack trace:
#0 /Applications/XAMPP/framework/web/CBaseController.php(95): SiteController->renderInternal()
#1 /Applications/XAMPP/framework/web/widgets/CContentDecorator.php(76): SiteController->renderFile()
#2 /Applications/XAMPP/framework/web/widgets/CContentDecorator.php(54): CContentDecorator->decorate()
#3 /Applications/XAMPP/framework/web/widgets/COutputProcessor.php(44): CContentDecorator->processOutput()
#4 /Applications/XAMPP/framework/web/CBaseController.php(206): CContentDecorator->run()
#5 /Applications/XAMPP/framework/web/CBaseController.php(300): SiteController->endWidget()
#6 /Applications/XAMPP/xamppfiles/htdocs/taskman/protected/views/layouts/column1.php(6): SiteController->endContent()
#7 /Applications/XAMPP/framework/web/CBaseController.php(126): require()
#8 /Applications/XAMPP/framework/web/CBaseController.php(95): SiteController->renderInternal()
#9 /Applications/XAMPP/framework/web/CController.php(784): SiteController->renderFile()
#10 /Applications/XAMPP/xamppfiles/htdocs/taskman/protected/controllers/SiteController.php(32): SiteController->render()
#11 /Applications/XAMPP/framework/web/actions/CInlineAction.php(49): SiteController->actionIndex()
#12 /Applications/XAMPP/framework/web/CController.php(308): CInlineAction->runWithParams()
#13 /Applications/XAMPP/framework/web/CController.php(286): SiteController->runAction()
#14 /Applications/XAMPP/framework/web/CController.php(265): SiteController->runActionWithFilters()
#15 /Applications/XAMPP/framework/web/CWebApplication.php(282): SiteController->run()
#16 /Applications/XAMPP/framework/web/CWebApplication.php(141): CWebApplication->runController()
#17 /Applications/XAMPP/framework/base/CApplication.php(180): CWebApplication->processRequest()
#18 /Applications/XAMPP/xamppfiles/htdocs/taskman/index.php(13): CWebApplication->run()
#19 /Applications/XAMPP/framework/cli/commands/ShellCommand.php(78): require()
#20 /Applications/XAMPP/framework/console/CConsoleCommandRunner.php(71): ShellCommand->run()
#21 /Applications/XAMPP/framework/console/CConsoleApplication.php(92): CConsoleCommandRunner->run()
#22 /Applications/XAMPP/framework/base/CApplication.php(180): CConsoleApplication->processRequest()
#23 /Applications/XAMPP/framework/yiic.php(33): CConsoleApplication->run()
#24 /Applications/XAMPP/xamppfiles/htdocs/taskman/protected/yiic.php(7): require_once()
#25 /Applications/XAMPP/xamppfiles/htdocs/taskman/protected/yiic(4): require_once()
REQUEST_URI=/index.php
2013/08/30 18:17:33 [error] [php] date(): It is not safe to rely on the system's timezone settings. You are *required* to use the date.timezone setting or the date_default_timezone_set() function. In case you used any of those methods and you are still getting this warning, you most likely misspelled the timezone identifier. We selected 'America/New_York' for 'EDT/-4.0/DST' instead (/Applications/XAMPP/xamppfiles/htdocs/taskman/protected/views/layouts/main.php:51)
Stack trace:
#0 /Applications/XAMPP/framework/web/CBaseController.php(95): SiteController->renderInternal()
#1 /Applications/XAMPP/framework/web/widgets/CContentDecorator.php(76): SiteController->renderFile()
#2 /Applications/XAMPP/framework/web/widgets/CContentDecorator.php(54): CContentDecorator->decorate()
#3 /Applications/XAMPP/framework/web/widgets/COutputProcessor.php(44): CContentDecorator->processOutput()
#4 /Applications/XAMPP/framework/web/CBaseController.php(206): CContentDecorator->run()
#5 /Applications/XAMPP/framework/web/CBaseController.php(300): SiteController->endWidget()
#6 /Applications/XAMPP/xamppfiles/htdocs/taskman/protected/views/layouts/column1.php(6): SiteController->endContent()
#7 /Applications/XAMPP/framework/web/CBaseController.php(126): require()
#8 /Applications/XAMPP/framework/web/CBaseController.php(95): SiteController->renderInternal()
#9 /Applications/XAMPP/framework/web/CController.php(784): SiteController->renderFile()
#10 /Applications/XAMPP/xamppfiles/htdocs/taskman/protected/controllers/SiteController.php(32): SiteController->render()
#11 /Applications/XAMPP/framework/web/actions/CInlineAction.php(49): SiteController->actionIndex()
#12 /Applications/XAMPP/framework/web/CController.php(308): CInlineAction->runWithParams()
#13 /Applications/XAMPP/framework/web/CController.php(286): SiteController->runAction()
#14 /Applications/XAMPP/framework/web/CController.php(265): SiteController->runActionWithFilters()
#15 /Applications/XAMPP/framework/web/CWebApplication.php(282): SiteController->run()
#16 /Applications/XAMPP/framework/web/CWebApplication.php(141): CWebApplication->runController()
#17 /Applications/XAMPP/framework/base/CApplication.php(180): CWebApplication->processRequest()
#18 /Applications/XAMPP/xamppfiles/htdocs/taskman/index.php(13): CWebApplication->run()
#19 /Applications/XAMPP/framework/cli/commands/ShellCommand.php(78): require()
#20 /Applications/XAMPP/framework/console/CConsoleCommandRunner.php(71): ShellCommand->run()
#21 /Applications/XAMPP/framework/console/CConsoleApplication.php(92): CConsoleCommandRunner->run()
#22 /Applications/XAMPP/framework/base/CApplication.php(180): CConsoleApplication->processRequest()
#23 /Applications/XAMPP/framework/yiic.php(33): CConsoleApplication->run()
#24 /Applications/XAMPP/xamppfiles/htdocs/taskman/protected/yiic.php(7): require_once()
#25 /Applications/XAMPP/xamppfiles/htdocs/taskman/protected/yiic(4): require_once()
REQUEST_URI=/index.php
2013/08/30 18:17:33 [error] [php] date(): It is not safe to rely on the system's timezone settings. You are *required* to use the date.timezone setting or the date_default_timezone_set() function. In case you used any of those methods and you are still getting this warning, you most likely misspelled the timezone identifier. We selected 'America/New_York' for 'EDT/-4.0/DST' instead (/Applications/XAMPP/xamppfiles/htdocs/taskman/protected/views/layouts/main.php:51)
Stack trace:
#0 /Applications/XAMPP/framework/web/CBaseController.php(95): SiteController->renderInternal()
#1 /Applications/XAMPP/framework/web/widgets/CContentDecorator.php(76): SiteController->renderFile()
#2 /Applications/XAMPP/framework/web/widgets/CContentDecorator.php(54): CContentDecorator->decorate()
#3 /Applications/XAMPP/framework/web/widgets/COutputProcessor.php(44): CContentDecorator->processOutput()
#4 /Applications/XAMPP/framework/web/CBaseController.php(206): CContentDecorator->run()
#5 /Applications/XAMPP/framework/web/CBaseController.php(300): SiteController->endWidget()
#6 /Applications/XAMPP/xamppfiles/htdocs/taskman/protected/views/layouts/column1.php(6): SiteController->endContent()
#7 /Applications/XAMPP/framework/web/CBaseController.php(126): require()
#8 /Applications/XAMPP/framework/web/CBaseController.php(95): SiteController->renderInternal()
#9 /Applications/XAMPP/framework/web/CController.php(784): SiteController->renderFile()
#10 /Applications/XAMPP/xamppfiles/htdocs/taskman/protected/controllers/SiteController.php(32): SiteController->render()
#11 /Applications/XAMPP/framework/web/actions/CInlineAction.php(49): SiteController->actionIndex()
#12 /Applications/XAMPP/framework/web/CController.php(308): CInlineAction->runWithParams()
#13 /Applications/XAMPP/framework/web/CController.php(286): SiteController->runAction()
#14 /Applications/XAMPP/framework/web/CController.php(265): SiteController->runActionWithFilters()
#15 /Applications/XAMPP/framework/web/CWebApplication.php(282): SiteController->run()
#16 /Applications/XAMPP/framework/web/CWebApplication.php(141): CWebApplication->runController()
#17 /Applications/XAMPP/framework/base/CApplication.php(180): CWebApplication->processRequest()
#18 /Applications/XAMPP/xamppfiles/htdocs/taskman/index.php(13): CWebApplication->run()
#19 /Applications/XAMPP/framework/cli/commands/ShellCommand.php(78): require()
#20 /Applications/XAMPP/framework/console/CConsoleCommandRunner.php(71): ShellCommand->run()
#21 /Applications/XAMPP/framework/console/CConsoleApplication.php(92): CConsoleCommandRunner->run()
#22 /Applications/XAMPP/framework/base/CApplication.php(180): CConsoleApplication->processRequest()
#23 /Applications/XAMPP/framework/yiic.php(33): CConsoleApplication->run()
#24 /Applications/XAMPP/xamppfiles/htdocs/taskman/protected/yiic.php(7): require_once()
#25 /Applications/XAMPP/xamppfiles/htdocs/taskman/protected/yiic(4): require_once()
REQUEST_URI=/index.php
2013/08/30 18:17:38 [error] [php] date(): It is not safe to rely on the system's timezone settings. You are *required* to use the date.timezone setting or the date_default_timezone_set() function. In case you used any of those methods and you are still getting this warning, you most likely misspelled the timezone identifier. We selected 'America/New_York' for 'EDT/-4.0/DST' instead (/Applications/XAMPP/xamppfiles/htdocs/taskman/protected/views/layouts/main.php:51)
Stack trace:
#0 /Applications/XAMPP/framework/web/CBaseController.php(95): SiteController->renderInternal()
#1 /Applications/XAMPP/framework/web/widgets/CContentDecorator.php(76): SiteController->renderFile()
#2 /Applications/XAMPP/framework/web/widgets/CContentDecorator.php(54): CContentDecorator->decorate()
#3 /Applications/XAMPP/framework/web/widgets/COutputProcessor.php(44): CContentDecorator->processOutput()
#4 /Applications/XAMPP/framework/web/CBaseController.php(206): CContentDecorator->run()
#5 /Applications/XAMPP/framework/web/CBaseController.php(300): SiteController->endWidget()
#6 /Applications/XAMPP/xamppfiles/htdocs/taskman/protected/views/layouts/column1.php(6): SiteController->endContent()
#7 /Applications/XAMPP/framework/web/CBaseController.php(126): require()
#8 /Applications/XAMPP/framework/web/CBaseController.php(95): SiteController->renderInternal()
#9 /Applications/XAMPP/framework/web/CController.php(784): SiteController->renderFile()
#10 /Applications/XAMPP/xamppfiles/htdocs/taskman/protected/controllers/SiteController.php(32): SiteController->render()
#11 /Applications/XAMPP/framework/web/actions/CInlineAction.php(49): SiteController->actionIndex()
#12 /Applications/XAMPP/framework/web/CController.php(308): CInlineAction->runWithParams()
#13 /Applications/XAMPP/framework/web/CController.php(286): SiteController->runAction()
#14 /Applications/XAMPP/framework/web/CController.php(265): SiteController->runActionWithFilters()
#15 /Applications/XAMPP/framework/web/CWebApplication.php(282): SiteController->run()
#16 /Applications/XAMPP/framework/web/CWebApplication.php(141): CWebApplication->runController()
#17 /Applications/XAMPP/framework/base/CApplication.php(180): CWebApplication->processRequest()
#18 /Applications/XAMPP/xamppfiles/htdocs/taskman/index.php(13): CWebApplication->run()
#19 /Applications/XAMPP/framework/cli/commands/ShellCommand.php(78): require()
#20 /Applications/XAMPP/framework/console/CConsoleCommandRunner.php(71): ShellCommand->run()
#21 /Applications/XAMPP/framework/console/CConsoleApplication.php(92): CConsoleCommandRunner->run()
#22 /Applications/XAMPP/framework/base/CApplication.php(180): CConsoleApplication->processRequest()
#23 /Applications/XAMPP/framework/yiic.php(33): CConsoleApplication->run()
#24 /Applications/XAMPP/xamppfiles/htdocs/taskman/protected/yiic.php(7): require_once()
#25 /Applications/XAMPP/xamppfiles/htdocs/taskman/protected/yiic(4): require_once()
REQUEST_URI=/index.php
2013/08/30 18:17:38 [error] [php] date(): It is not safe to rely on the system's timezone settings. You are *required* to use the date.timezone setting or the date_default_timezone_set() function. In case you used any of those methods and you are still getting this warning, you most likely misspelled the timezone identifier. We selected 'America/New_York' for 'EDT/-4.0/DST' instead (/Applications/XAMPP/xamppfiles/htdocs/taskman/protected/views/layouts/main.php:51)
Stack trace:
#0 /Applications/XAMPP/framework/web/CBaseController.php(95): SiteController->renderInternal()
#1 /Applications/XAMPP/framework/web/widgets/CContentDecorator.php(76): SiteController->renderFile()
#2 /Applications/XAMPP/framework/web/widgets/CContentDecorator.php(54): CContentDecorator->decorate()
#3 /Applications/XAMPP/framework/web/widgets/COutputProcessor.php(44): CContentDecorator->processOutput()
#4 /Applications/XAMPP/framework/web/CBaseController.php(206): CContentDecorator->run()
#5 /Applications/XAMPP/framework/web/CBaseController.php(300): SiteController->endWidget()
#6 /Applications/XAMPP/xamppfiles/htdocs/taskman/protected/views/layouts/column1.php(6): SiteController->endContent()
#7 /Applications/XAMPP/framework/web/CBaseController.php(126): require()
#8 /Applications/XAMPP/framework/web/CBaseController.php(95): SiteController->renderInternal()
#9 /Applications/XAMPP/framework/web/CController.php(784): SiteController->renderFile()
#10 /Applications/XAMPP/xamppfiles/htdocs/taskman/protected/controllers/SiteController.php(32): SiteController->render()
#11 /Applications/XAMPP/framework/web/actions/CInlineAction.php(49): SiteController->actionIndex()
#12 /Applications/XAMPP/framework/web/CController.php(308): CInlineAction->runWithParams()
#13 /Applications/XAMPP/framework/web/CController.php(286): SiteController->runAction()
#14 /Applications/XAMPP/framework/web/CController.php(265): SiteController->runActionWithFilters()
#15 /Applications/XAMPP/framework/web/CWebApplication.php(282): SiteController->run()
#16 /Applications/XAMPP/framework/web/CWebApplication.php(141): CWebApplication->runController()
#17 /Applications/XAMPP/framework/base/CApplication.php(180): CWebApplication->processRequest()
#18 /Applications/XAMPP/xamppfiles/htdocs/taskman/index.php(13): CWebApplication->run()
#19 /Applications/XAMPP/framework/cli/commands/ShellCommand.php(78): require()
#20 /Applications/XAMPP/framework/console/CConsoleCommandRunner.php(71): ShellCommand->run()
#21 /Applications/XAMPP/framework/console/CConsoleApplication.php(92): CConsoleCommandRunner->run()
#22 /Applications/XAMPP/framework/base/CApplication.php(180): CConsoleApplication->processRequest()
#23 /Applications/XAMPP/framework/yiic.php(33): CConsoleApplication->run()
#24 /Applications/XAMPP/xamppfiles/htdocs/taskman/protected/yiic.php(7): require_once()
#25 /Applications/XAMPP/xamppfiles/htdocs/taskman/protected/yiic(4): require_once()
REQUEST_URI=/index.php
2013/08/30 18:39:35 [error] [exception.CDbException] exception 'CDbException' with message 'CDbConnection failed to open the DB connection: SQLSTATE[HY000] [2002] No such file or directory' in /Applications/XAMPP/framework/db/CDbConnection.php:382
Stack trace:
#0 /Applications/XAMPP/framework/db/CDbConnection.php(330): CDbConnection->open()
#1 /Applications/XAMPP/framework/db/CDbConnection.php(308): CDbConnection->setActive(true)
#2 /Applications/XAMPP/framework/base/CModule.php(387): CDbConnection->init()
#3 /Applications/XAMPP/framework/cli/commands/MigrateCommand.php(442): CModule->getComponent('db')
#4 /Applications/XAMPP/framework/cli/commands/MigrateCommand.php(451): MigrateCommand->getDbConnection()
#5 /Applications/XAMPP/framework/cli/commands/MigrateCommand.php(482): MigrateCommand->getMigrationHistory(-1)
#6 /Applications/XAMPP/framework/cli/commands/MigrateCommand.php(84): MigrateCommand->getNewMigrations()
#7 [internal function]: MigrateCommand->actionUp(Array)
#8 /Applications/XAMPP/framework/console/CConsoleCommand.php(172): ReflectionMethod->invokeArgs(Object(MigrateCommand), Array)
#9 /Applications/XAMPP/framework/console/CConsoleCommandRunner.php(71): CConsoleCommand->run(Array)
#10 /Applications/XAMPP/framework/console/CConsoleApplication.php(92): CConsoleCommandRunner->run(Array)
#11 /Applications/XAMPP/framework/base/CApplication.php(180): CConsoleApplication->processRequest()
#12 /Applications/XAMPP/framework/yiic.php(33): CApplication->run()
#13 /Applications/XAMPP/xamppfiles/htdocs/taskman/protected/yiic.php(7): require_once('/Applications/X...')
#14 /Applications/XAMPP/xamppfiles/htdocs/taskman/protected/yiic(4): require_once('/Applications/X...')
#15 {main}
---
2013/08/30 21:00:50 [error] [exception.CDbException] exception 'CDbException' with message 'CDbConnection failed to open the DB connection: SQLSTATE[HY000] [2002] No such file or directory' in /Applications/XAMPP/framework/db/CDbConnection.php:382
Stack trace:
#0 /Applications/XAMPP/framework/db/CDbConnection.php(330): CDbConnection->open()
#1 /Applications/XAMPP/framework/db/CDbConnection.php(308): CDbConnection->setActive(true)
#2 /Applications/XAMPP/framework/base/CModule.php(387): CDbConnection->init()
#3 /Applications/XAMPP/framework/cli/commands/MigrateCommand.php(442): CModule->getComponent('db')
#4 /Applications/XAMPP/framework/cli/commands/MigrateCommand.php(451): MigrateCommand->getDbConnection()
#5 /Applications/XAMPP/framework/cli/commands/MigrateCommand.php(482): MigrateCommand->getMigrationHistory(-1)
#6 /Applications/XAMPP/framework/cli/commands/MigrateCommand.php(84): MigrateCommand->getNewMigrations()
#7 [internal function]: MigrateCommand->actionUp(Array)
#8 /Applications/XAMPP/framework/console/CConsoleCommand.php(172): ReflectionMethod->invokeArgs(Object(MigrateCommand), Array)
#9 /Applications/XAMPP/framework/console/CConsoleCommandRunner.php(71): CConsoleCommand->run(Array)
#10 /Applications/XAMPP/framework/console/CConsoleApplication.php(92): CConsoleCommandRunner->run(Array)
#11 /Applications/XAMPP/framework/base/CApplication.php(180): CConsoleApplication->processRequest()
#12 /Applications/XAMPP/framework/yiic.php(33): CApplication->run()
#13 /Applications/XAMPP/xamppfiles/htdocs/taskman/protected/yiic.php(7): require_once('/Applications/X...')
#14 /Applications/XAMPP/xamppfiles/htdocs/taskman/protected/yiic(4): require_once('/Applications/X...')
#15 {main}
---
2013/08/30 21:01:20 [error] [exception.CDbException] exception 'CDbException' with message 'CDbConnection failed to open the DB connection: SQLSTATE[HY000] [2002] No such file or directory' in /Applications/XAMPP/framework/db/CDbConnection.php:382
Stack trace:
#0 /Applications/XAMPP/framework/db/CDbConnection.php(330): CDbConnection->open()
#1 /Applications/XAMPP/framework/db/CDbConnection.php(308): CDbConnection->setActive(true)
#2 /Applications/XAMPP/framework/base/CModule.php(387): CDbConnection->init()
#3 /Applications/XAMPP/framework/cli/commands/MigrateCommand.php(442): CModule->getComponent('db')
#4 /Applications/XAMPP/framework/cli/commands/MigrateCommand.php(451): MigrateCommand->getDbConnection()
#5 /Applications/XAMPP/framework/cli/commands/MigrateCommand.php(482): MigrateCommand->getMigrationHistory(-1)
#6 /Applications/XAMPP/framework/cli/commands/MigrateCommand.php(84): MigrateCommand->getNewMigrations()
#7 [internal function]: MigrateCommand->actionUp(Array)
#8 /Applications/XAMPP/framework/console/CConsoleCommand.php(172): ReflectionMethod->invokeArgs(Object(MigrateCommand), Array)
#9 /Applications/XAMPP/framework/console/CConsoleCommandRunner.php(71): CConsoleCommand->run(Array)
#10 /Applications/XAMPP/framework/console/CConsoleApplication.php(92): CConsoleCommandRunner->run(Array)
#11 /Applications/XAMPP/framework/base/CApplication.php(180): CConsoleApplication->processRequest()
#12 /Applications/XAMPP/framework/yiic.php(33): CApplication->run()
#13 /Applications/XAMPP/xamppfiles/htdocs/taskman/protected/yiic.php(7): require_once('/Applications/X...')
#14 /Applications/XAMPP/xamppfiles/htdocs/taskman/protected/yiic(4): require_once('/Applications/X...')
#15 {main}
---
2013/08/30 21:03:05 [error] [exception.CDbException] exception 'CDbException' with message 'CDbConnection failed to open the DB connection: SQLSTATE[HY000] [2002] No such file or directory' in /Applications/XAMPP/framework/db/CDbConnection.php:382
Stack trace:
#0 /Applications/XAMPP/framework/db/CDbConnection.php(330): CDbConnection->open()
#1 /Applications/XAMPP/framework/db/CDbConnection.php(308): CDbConnection->setActive(true)
#2 /Applications/XAMPP/framework/base/CModule.php(387): CDbConnection->init()
#3 /Applications/XAMPP/framework/cli/commands/MigrateCommand.php(442): CModule->getComponent('db')
#4 /Applications/XAMPP/framework/cli/commands/MigrateCommand.php(451): MigrateCommand->getDbConnection()
#5 /Applications/XAMPP/framework/cli/commands/MigrateCommand.php(482): MigrateCommand->getMigrationHistory(-1)
#6 /Applications/XAMPP/framework/cli/commands/MigrateCommand.php(84): MigrateCommand->getNewMigrations()
#7 [internal function]: MigrateCommand->actionUp(Array)
#8 /Applications/XAMPP/framework/console/CConsoleCommand.php(172): ReflectionMethod->invokeArgs(Object(MigrateCommand), Array)
#9 /Applications/XAMPP/framework/console/CConsoleCommandRunner.php(71): CConsoleCommand->run(Array)
#10 /Applications/XAMPP/framework/console/CConsoleApplication.php(92): CConsoleCommandRunner->run(Array)
#11 /Applications/XAMPP/framework/base/CApplication.php(180): CConsoleApplication->processRequest()
#12 /Applications/XAMPP/framework/yiic.php(33): CApplication->run()
#13 /Applications/XAMPP/xamppfiles/htdocs/taskman/protected/yiic.php(7): require_once('/Applications/X...')
#14 /Applications/XAMPP/xamppfiles/htdocs/taskman/protected/yiic(4): require_once('/Applications/X...')
#15 {main}
---
2013/08/30 21:03:58 [error] [exception.CDbException] exception 'CDbException' with message 'CDbConnection failed to open the DB connection: SQLSTATE[HY000] [2002] No such file or directory' in /Applications/XAMPP/framework/db/CDbConnection.php:382
Stack trace:
#0 /Applications/XAMPP/framework/db/CDbConnection.php(330): CDbConnection->open()
#1 /Applications/XAMPP/framework/db/CDbConnection.php(308): CDbConnection->setActive(true)
#2 /Applications/XAMPP/framework/base/CModule.php(387): CDbConnection->init()
#3 /Applications/XAMPP/framework/cli/commands/MigrateCommand.php(442): CModule->getComponent('db')
#4 /Applications/XAMPP/framework/cli/commands/MigrateCommand.php(451): MigrateCommand->getDbConnection()
#5 /Applications/XAMPP/framework/cli/commands/MigrateCommand.php(482): MigrateCommand->getMigrationHistory(-1)
#6 /Applications/XAMPP/framework/cli/commands/MigrateCommand.php(84): MigrateCommand->getNewMigrations()
#7 [internal function]: MigrateCommand->actionUp(Array)
#8 /Applications/XAMPP/framework/console/CConsoleCommand.php(172): ReflectionMethod->invokeArgs(Object(MigrateCommand), Array)
#9 /Applications/XAMPP/framework/console/CConsoleCommandRunner.php(71): CConsoleCommand->run(Array)
#10 /Applications/XAMPP/framework/console/CConsoleApplication.php(92): CConsoleCommandRunner->run(Array)
#11 /Applications/XAMPP/framework/base/CApplication.php(180): CConsoleApplication->processRequest()
#12 /Applications/XAMPP/framework/yiic.php(33): CApplication->run()
#13 /Applications/XAMPP/xamppfiles/htdocs/taskman/protected/yiic.php(7): require_once('/Applications/X...')
#14 /Applications/XAMPP/xamppfiles/htdocs/taskman/protected/yiic(4): require_once('/Applications/X...')
#15 {main}
---
2013/08/30 21:06:11 [error] [exception.CDbException] exception 'CDbException' with message 'CDbConnection failed to open the DB connection: SQLSTATE[HY000] [2002] Operation timed out' in /Applications/XAMPP/framework/db/CDbConnection.php:382
Stack trace:
#0 /Applications/XAMPP/framework/db/CDbConnection.php(330): CDbConnection->open()
#1 /Applications/XAMPP/framework/db/CDbConnection.php(308): CDbConnection->setActive(true)
#2 /Applications/XAMPP/framework/base/CModule.php(387): CDbConnection->init()
#3 /Applications/XAMPP/framework/cli/commands/MigrateCommand.php(442): CModule->getComponent('db')
#4 /Applications/XAMPP/framework/cli/commands/MigrateCommand.php(451): MigrateCommand->getDbConnection()
#5 /Applications/XAMPP/framework/cli/commands/MigrateCommand.php(482): MigrateCommand->getMigrationHistory(-1)
#6 /Applications/XAMPP/framework/cli/commands/MigrateCommand.php(84): MigrateCommand->getNewMigrations()
#7 [internal function]: MigrateCommand->actionUp(Array)
#8 /Applications/XAMPP/framework/console/CConsoleCommand.php(172): ReflectionMethod->invokeArgs(Object(MigrateCommand), Array)
#9 /Applications/XAMPP/framework/console/CConsoleCommandRunner.php(71): CConsoleCommand->run(Array)
#10 /Applications/XAMPP/framework/console/CConsoleApplication.php(92): CConsoleCommandRunner->run(Array)
#11 /Applications/XAMPP/framework/base/CApplication.php(180): CConsoleApplication->processRequest()
#12 /Applications/XAMPP/framework/yiic.php(33): CApplication->run()
#13 /Applications/XAMPP/xamppfiles/htdocs/taskman/protected/yiic.php(7): require_once('/Applications/X...')
#14 /Applications/XAMPP/xamppfiles/htdocs/taskman/protected/yiic(4): require_once('/Applications/X...')
#15 {main}
---
2013/08/30 21:39:36 [error] [exception.CDbException] exception 'CDbException' with message 'CDbConnection failed to open the DB connection: SQLSTATE[HY000] [2002] Operation timed out' in /Applications/XAMPP/framework/db/CDbConnection.php:382
Stack trace:
#0 /Applications/XAMPP/framework/db/CDbConnection.php(330): CDbConnection->open()
#1 /Applications/XAMPP/framework/db/CDbConnection.php(308): CDbConnection->setActive(true)
#2 /Applications/XAMPP/framework/base/CModule.php(387): CDbConnection->init()
#3 /Applications/XAMPP/framework/cli/commands/MigrateCommand.php(442): CModule->getComponent('db')
#4 /Applications/XAMPP/framework/cli/commands/MigrateCommand.php(451): MigrateCommand->getDbConnection()
#5 /Applications/XAMPP/framework/cli/commands/MigrateCommand.php(482): MigrateCommand->getMigrationHistory(-1)
#6 /Applications/XAMPP/framework/cli/commands/MigrateCommand.php(84): MigrateCommand->getNewMigrations()
#7 [internal function]: MigrateCommand->actionUp(Array)
#8 /Applications/XAMPP/framework/console/CConsoleCommand.php(172): ReflectionMethod->invokeArgs(Object(MigrateCommand), Array)
#9 /Applications/XAMPP/framework/console/CConsoleCommandRunner.php(71): CConsoleCommand->run(Array)
#10 /Applications/XAMPP/framework/console/CConsoleApplication.php(92): CConsoleCommandRunner->run(Array)
#11 /Applications/XAMPP/framework/base/CApplication.php(180): CConsoleApplication->processRequest()
#12 /Applications/XAMPP/framework/yiic.php(33): CApplication->run()
#13 /Applications/XAMPP/xamppfiles/htdocs/taskman/protected/yiic.php(7): require_once('/Applications/X...')
#14 /Applications/XAMPP/xamppfiles/htdocs/taskman/protected/yiic(4): require_once('/Applications/X...')
#15 {main}
---
2013/08/30 21:40:06 [error] [exception.CDbException] exception 'CDbException' with message 'CDbConnection failed to open the DB connection: SQLSTATE[HY000] [2002] Operation timed out' in /Applications/XAMPP/framework/db/CDbConnection.php:382
Stack trace:
#0 /Applications/XAMPP/framework/db/CDbConnection.php(330): CDbConnection->open()
#1 /Applications/XAMPP/framework/db/CDbConnection.php(308): CDbConnection->setActive(true)
#2 /Applications/XAMPP/framework/base/CModule.php(387): CDbConnection->init()
#3 /Applications/XAMPP/framework/cli/commands/MigrateCommand.php(442): CModule->getComponent('db')
#4 /Applications/XAMPP/framework/cli/commands/MigrateCommand.php(451): MigrateCommand->getDbConnection()
#5 /Applications/XAMPP/framework/cli/commands/MigrateCommand.php(482): MigrateCommand->getMigrationHistory(-1)
#6 /Applications/XAMPP/framework/cli/commands/MigrateCommand.php(84): MigrateCommand->getNewMigrations()
#7 [internal function]: MigrateCommand->actionUp(Array)
#8 /Applications/XAMPP/framework/console/CConsoleCommand.php(172): ReflectionMethod->invokeArgs(Object(MigrateCommand), Array)
#9 /Applications/XAMPP/framework/console/CConsoleCommandRunner.php(71): CConsoleCommand->run(Array)
#10 /Applications/XAMPP/framework/console/CConsoleApplication.php(92): CConsoleCommandRunner->run(Array)
#11 /Applications/XAMPP/framework/base/CApplication.php(180): CConsoleApplication->processRequest()
#12 /Applications/XAMPP/framework/yiic.php(33): CApplication->run()
#13 /Applications/XAMPP/xamppfiles/htdocs/taskman/protected/yiic.php(7): require_once('/Applications/X...')
#14 /Applications/XAMPP/xamppfiles/htdocs/taskman/protected/yiic(4): require_once('/Applications/X...')
#15 {main}
---
2013/08/30 21:40:36 [error] [exception.CDbException] exception 'CDbException' with message 'CDbConnection failed to open the DB connection: SQLSTATE[HY000] [2002] Operation timed out' in /Applications/XAMPP/framework/db/CDbConnection.php:382
Stack trace:
#0 /Applications/XAMPP/framework/db/CDbConnection.php(330): CDbConnection->open()
#1 /Applications/XAMPP/framework/db/CDbConnection.php(308): CDbConnection->setActive(true)
#2 /Applications/XAMPP/framework/base/CModule.php(387): CDbConnection->init()
#3 /Applications/XAMPP/framework/cli/commands/MigrateCommand.php(442): CModule->getComponent('db')
#4 /Applications/XAMPP/framework/cli/commands/MigrateCommand.php(451): MigrateCommand->getDbConnection()
#5 /Applications/XAMPP/framework/cli/commands/MigrateCommand.php(482): MigrateCommand->getMigrationHistory(-1)
#6 /Applications/XAMPP/framework/cli/commands/MigrateCommand.php(84): MigrateCommand->getNewMigrations()
#7 [internal function]: MigrateCommand->actionUp(Array)
#8 /Applications/XAMPP/framework/console/CConsoleCommand.php(172): ReflectionMethod->invokeArgs(Object(MigrateCommand), Array)
#9 /Applications/XAMPP/framework/console/CConsoleCommandRunner.php(71): CConsoleCommand->run(Array)
#10 /Applications/XAMPP/framework/console/CConsoleApplication.php(92): CConsoleCommandRunner->run(Array)
#11 /Applications/XAMPP/framework/base/CApplication.php(180): CConsoleApplication->processRequest()
#12 /Applications/XAMPP/framework/yiic.php(33): CApplication->run()
#13 /Applications/XAMPP/xamppfiles/htdocs/taskman/protected/yiic.php(7): require_once('/Applications/X...')
#14 /Applications/XAMPP/xamppfiles/htdocs/taskman/protected/yiic(4): require_once('/Applications/X...')
#15 {main}
---
2013/08/30 21:43:52 [error] [system.db.CDbCommand] CDbCommand::fetchAll() failed: SQLSTATE[42S02]: Base table or view not found: 1146 Table 'trackstar.tbl_migration' doesn't exist. The SQL statement executed was: SHOW FULL COLUMNS FROM `tbl_migration`.
2013/08/30 22:06:35 [error] [exception.CHttpException.403] exception 'CHttpException' with message 'You are not authorized to perform this action.' in /Applications/XAMPP/framework/web/auth/CAccessControlFilter.php:182
Stack trace:
#0 /Applications/XAMPP/framework/web/auth/CAccessControlFilter.php(145): CAccessControlFilter->accessDenied(Object(CWebUser), 'You are not aut...')
#1 /Applications/XAMPP/framework/web/filters/CFilter.php(38): CAccessControlFilter->preFilter(Object(CFilterChain))
#2 /Applications/XAMPP/framework/web/CController.php(1145): CFilter->filter(Object(CFilterChain))
#3 /Applications/XAMPP/framework/web/filters/CInlineFilter.php(58): CController->filterAccessControl(Object(CFilterChain))
#4 /Applications/XAMPP/framework/web/filters/CFilterChain.php(130): CInlineFilter->filter(Object(CFilterChain))
#5 /Applications/XAMPP/framework/web/CController.php(291): CFilterChain->run()
#6 /Applications/XAMPP/framework/web/CController.php(265): CController->runActionWithFilters(Object(CInlineAction), Array)
#7 /Applications/XAMPP/framework/web/CWebApplication.php(282): CController->run('admin')
#8 /Applications/XAMPP/framework/web/CWebApplication.php(141): CWebApplication->runController('project/admin')
#9 /Applications/XAMPP/framework/base/CApplication.php(180): CWebApplication->processRequest()
#10 /Applications/XAMPP/xamppfiles/htdocs/taskman/index.php(13): CApplication->run()
#11 {main}
REQUEST_URI=/taskman/index.php?r=project/admin
HTTP_REFERER=http://localhost/taskman/index.php?r=project/create
---
